<?xml version="1.0" encoding="UTF-8"?>
<!-- Generated by org.testng.reporters.JUnitXMLReporter -->
<testsuite ignored="2" hostname="SANKET-LAPTOP" failures="0" tests="1" name="Default test" time="4.305" errors="0" timestamp="2022-04-11T19:01:08 IST">
  <testcase classname="automation.TechVerit.Browser_Launch" name="DeleteProductTest" time="4.241"/>
  <testcase classname="automation.TechVerit.Browser_Launch" name="CreateProductTest" time="0.0">
    <ignored/>
  </testcase> <!-- CreateProductTest -->
  <testcase classname="automation.TechVerit.Browser_Launch" name="UpdateProductTest" time="0.0">
    <ignored/>
  </testcase> <!-- UpdateProductTest -->
</testsuite> <!-- Default test -->
