<?xml version="1.0" encoding="UTF-8"?>
<testng-results ignored="2" total="3" passed="1" failed="0" skipped="0">
  <reporter-output>
  </reporter-output>
  <suite started-at="2022-04-11T19:01:04 IST" name="Default suite" finished-at="2022-04-11T19:01:08 IST" duration-ms="4305">
    <groups>
    </groups>
    <test started-at="2022-04-11T19:01:04 IST" name="Default test" finished-at="2022-04-11T19:01:08 IST" duration-ms="4305">
      <class name="automation.TechVerit.Browser_Launch">
        <test-method is-config="true" signature="Setup()[pri:0, instance:automation.TechVerit.Browser_Launch@1e0b4072]" started-at="2022-04-11T19:00:54 IST" name="Setup" finished-at="2022-04-11T19:01:04 IST" duration-ms="9972" status="PASS">
          <reporter-output>
          </reporter-output>
        </test-method> <!-- Setup -->
        <test-method signature="DeleteProductTest()[pri:0, instance:automation.TechVerit.Browser_Launch@1e0b4072]" started-at="2022-04-11T19:01:04 IST" name="DeleteProductTest" finished-at="2022-04-11T19:01:08 IST" duration-ms="4241" status="PASS">
          <reporter-output>
          </reporter-output>
        </test-method> <!-- DeleteProductTest -->
      </class> <!-- automation.TechVerit.Browser_Launch -->
    </test> <!-- Default test -->
  </suite> <!-- Default suite -->
</testng-results>
